import { registerInstance as __stencil_registerInstance } from "@stencil/core";
export const Input = class {
    constructor(hostRef) {
        __stencil_registerInstance(this, hostRef);
    }
    handleKeyDown(ev) {
        const isNum = /^[a-zA-Z0-9._\b]+$/.test(String.fromCharCode(ev.keyCode));
        if (e.key === "ArrowUp" || e.key === "ArrowDown") {
            return;
        }
        else if (!isNum) {
            e.preventDefault();
            return false;
        }
        return undefined;
    }
    ;
    static get style() { return "STYLE_TEXT_PLACEHOLDER:zui-input"; }
};
render();
{
    return (h("input", { pattern: "\\*d", type: "number", placeholder: this.placeholder }));
}
