import { registerInstance as __stencil_registerInstance } from "@stencil/core";
import { h } from "@stencil/core";
export const Input = class {
    constructor(hostRef) {
        __stencil_registerInstance(this, hostRef);
    }
    handleKeyDown(ev) {
        const isNum = /^[a-zA-Z0-9._\b]+$/.test(String.fromCharCode(ev.keyCode));
        if (ev.key === "ArrowUp" || ev.key === "ArrowDown") {
            return;
        }
        else if (!isNum) {
            ev.preventDefault();
            return false;
        }
        return undefined;
    }
    render() {
        return (h("input", { pattern: "\\d*", type: "number", placeholder: this.placeholder, value: "" }));
    }
    static get style() { return "STYLE_TEXT_PLACEHOLDER:zui-input"; }
};
