import { registerInstance as __stencil_registerInstance } from "@stencil/core";
import { h } from "@stencil/core";
export const NumberInput = class {
    constructor(hostRef) {
        __stencil_registerInstance(this, hostRef);
        this.numValue = "10";
        /**
         * minimalNumber is the minimal value it takes
         * the default value is set to 0 so it will not accept negative numbers
         */
        this.minimalNumber = 0;
    }
    handleKeyDown(ev) {
        console.log("numvalue", this.numValue);
        const isNum = /^[a-zA-Z0-9._\b]+$/.test(String.fromCharCode(ev.keyCode));
        if (ev.key === "ArrowUp" || ev.key === "ArrowDown") {
            this.numValue = ev.key;
            return;
        }
        else if (!isNum) {
            ev.preventDefault();
            return false;
        }
        return undefined;
    }
    render() {
        return (h("input", { pattern: "\\d*", type: "number", min: this.minimalNumber, placeholder: this.placeholder, ref: el => (this.stockNameInput = el), value: this.numValue }));
    }
    static get style() { return "STYLE_TEXT_PLACEHOLDER:zui-number-input"; }
};
