import { r as registerInstance, h } from './core-5d2bd1c4.js';
var NumberInput = /** @class */ (function () {
    function NumberInput(hostRef) {
        registerInstance(this, hostRef);
        /**
         * minimalNumber is the minimal value it takes
         * the default value is set to 0 so it will not accept negative numbers
         */
        this.minimalNumber = 0;
    }
    /**
     * handleKeydown makes sure it only accepts numbers
     */
    NumberInput.prototype.handleKeyDown = function (ev) {
        var isNum = /^[a-zA-Z0-9._\b]+$/.test(String.fromCharCode(ev.keyCode));
        if (ev.key === "ArrowUp" || ev.key === "ArrowDown") {
            this.numValue = this.numInput.value;
            return;
        }
        else if (!isNum) {
            ev.preventDefault();
            return false;
        }
        return undefined;
    };
    NumberInput.prototype.render = function () {
        var _this = this;
        return (h("input", { pattern: "\\d*", type: "number", min: this.minimalNumber, placeholder: this.placeholder, ref: function (el) { return (_this.numInput = el.shadowRoot); }, value: this.numValue || this.value }));
    };
    Object.defineProperty(NumberInput, "style", {
        get: function () { return "STYLE_TEXT_PLACEHOLDER:zui-number-input"; },
        enumerable: true,
        configurable: true
    });
    return NumberInput;
}());
var TextInput = /** @class */ (function () {
    function TextInput(hostRef) {
        registerInstance(this, hostRef);
    }
    TextInput.prototype.handleKeyDown = function () {
        this.textValue = this.textInput.value;
    };
    TextInput.prototype.render = function () {
        var _this = this;
        return (h("input", { type: "text", placeholder: this.placeholder, ref: function (el) { return (_this.textInput = el); }, value: this.textValue || this.value }));
    };
    Object.defineProperty(TextInput, "style", {
        get: function () { return "STYLE_TEXT_PLACEHOLDER:zui-text-input"; },
        enumerable: true,
        configurable: true
    });
    return TextInput;
}());
export { NumberInput as zui_number_input, TextInput as zui_text_input };
