System.register(['./p-ea2f9ad4.system.js'], function (exports) {
    'use strict';
    var registerInstance, h;
    return {
        setters: [function (module) {
                registerInstance = module.r;
                h = module.h;
            }],
        execute: function () {
            var TextInput = exports('zui_text_input', /** @class */ (function () {
                function class_1(hostRef) {
                    registerInstance(this, hostRef);
                }
                class_1.prototype.render = function () {
                    var _this = this;
                    return (h("input", { type: "text", placeholder: this.placeholder, ref: function (el) { return (_this.numInput = el); }, value: this.textValue || this.value }));
                };
                Object.defineProperty(class_1, "style", {
                    get: function () { return "STYLE_TEXT_PLACEHOLDER:zui-text-input"; },
                    enumerable: true,
                    configurable: true
                });
                return class_1;
            }()));
        }
    };
});
