import { r as registerInstance, h } from './core-c8080779.js';
var Input = /** @class */ (function () {
    function Input(hostRef) {
        registerInstance(this, hostRef);
        /**
         * placeholder text
         */
        this.placeholder = "";
    }
    Input.prototype.handleKeyDown = function (ev) {
        var isNum = /^[a-zA-Z0-9._\b]+$/.test(String.fromCharCode(ev.keyCode));
        if (ev.key === "ArrowUp" || ev.key === "ArrowDown") {
            return;
        }
        else if (!isNum) {
            ev.preventDefault();
            return false;
        }
        return undefined;
    };
    Input.prototype.render = function () {
        return (h("input", { pattern: "\\d*", type: "number", placeholder: this.placeholder, value: "" }));
    };
    Object.defineProperty(Input, "style", {
        get: function () { return "STYLE_TEXT_PLACEHOLDER:zui-input"; },
        enumerable: true,
        configurable: true
    });
    return Input;
}());
export { Input as zui_input };
