import { r as registerInstance, h } from './core-5f0ed200.js';
var NumberInput = /** @class */ (function () {
    function NumberInput(hostRef) {
        registerInstance(this, hostRef);
        /**
         * minimalNumber is the minimal value it takes
         * the default value is set to 0 so it will not accept negative numbers
         */
        this.minimalNumber = 0;
    }
    NumberInput.prototype.handleKeyDown = function (ev) {
        var isNum = /^[a-zA-Z0-9._\b]+$/.test(String.fromCharCode(ev.keyCode));
        if (ev.key === "ArrowUp" || ev.key === "ArrowDown") {
            return;
        }
        else if (!isNum) {
            ev.preventDefault();
            return false;
        }
        return undefined;
    };
    NumberInput.prototype.render = function () {
        return (h("input", { pattern: "\\d*", type: "number", min: this.minimalNumber, placeholder: this.placeholder }));
    };
    Object.defineProperty(NumberInput, "style", {
        get: function () { return "STYLE_TEXT_PLACEHOLDER:zui-number-input"; },
        enumerable: true,
        configurable: true
    });
    return NumberInput;
}());
export { NumberInput as zui_number_input };
